2024-03-29T11:51:48.411+05:30  INFO 29796 --- [SimpleApplication] [main] c.n.SimpleApplication.SimpleApplication  : Starting SimpleApplication using Java 17.0.9 with PID 29796 (C:\Users\roshanbhatia\Documents\workspace-spring-tool-suite-4-4.21.0.RELEASE\SimpleApplication\target\classes started by roshanbhatia in C:\Users\roshanbhatia\Documents\workspace-spring-tool-suite-4-4.21.0.RELEASE\SimpleApplication)
2024-03-29T11:51:48.414+05:30  INFO 29796 --- [SimpleApplication] [main] c.n.SimpleApplication.SimpleApplication  : No active profile set, falling back to 1 default profile: "default"
2024-03-29T11:51:49.009+05:30  INFO 29796 --- [SimpleApplication] [main] o.s.b.w.embedded.tomcat.TomcatWebServer  : Tomcat initialized with port 8094 (http)
2024-03-29T11:51:49.018+05:30  INFO 29796 --- [SimpleApplication] [main] o.apache.catalina.core.StandardService   : Starting service [Tomcat]
2024-03-29T11:51:49.018+05:30  INFO 29796 --- [SimpleApplication] [main] o.apache.catalina.core.StandardEngine    : Starting Servlet engine: [Apache Tomcat/10.1.19]
2024-03-29T11:51:49.056+05:30  INFO 29796 --- [SimpleApplication] [main] o.a.c.c.C.[Tomcat].[localhost].[/]       : Initializing Spring embedded WebApplicationContext
2024-03-29T11:51:49.056+05:30  INFO 29796 --- [SimpleApplication] [main] w.s.c.ServletWebServerApplicationContext : Root WebApplicationContext: initialization completed in 609 ms
2024-03-29T11:51:49.297+05:30  WARN 29796 --- [SimpleApplication] [main] ConfigServletWebServerApplicationContext : Exception encountered during context initialization - cancelling refresh attempt: org.springframework.context.ApplicationContextException: Failed to start bean 'webServerStartStop'
2024-03-29T11:51:49.308+05:30  INFO 29796 --- [SimpleApplication] [main] .s.b.a.l.ConditionEvaluationReportLogger : 

Error starting ApplicationContext. To display the condition evaluation report re-run your application with 'debug' enabled.
2024-03-29T11:51:49.319+05:30 ERROR 29796 --- [SimpleApplication] [main] o.s.b.d.LoggingFailureAnalysisReporter   : 

***************************
APPLICATION FAILED TO START
***************************

Description:

Web server failed to start. Port 8094 was already in use.

Action:

Identify and stop the process that's listening on port 8094 or configure this application to listen on another port.

2024-03-29T11:56:35.558+05:30  INFO 15372 --- [SimpleApplication] [main] c.n.SimpleApplication.SimpleApplication  : Starting SimpleApplication using Java 17.0.9 with PID 15372 (C:\Users\roshanbhatia\Documents\workspace-spring-tool-suite-4-4.21.0.RELEASE\SimpleApplication\target\classes started by roshanbhatia in C:\Users\roshanbhatia\Documents\workspace-spring-tool-suite-4-4.21.0.RELEASE\SimpleApplication)
2024-03-29T11:56:35.569+05:30  INFO 15372 --- [SimpleApplication] [main] c.n.SimpleApplication.SimpleApplication  : No active profile set, falling back to 1 default profile: "default"
2024-03-29T11:56:36.173+05:30  INFO 15372 --- [SimpleApplication] [main] o.s.b.w.embedded.tomcat.TomcatWebServer  : Tomcat initialized with port 8094 (http)
2024-03-29T11:56:36.183+05:30  INFO 15372 --- [SimpleApplication] [main] o.apache.catalina.core.StandardService   : Starting service [Tomcat]
2024-03-29T11:56:36.183+05:30  INFO 15372 --- [SimpleApplication] [main] o.apache.catalina.core.StandardEngine    : Starting Servlet engine: [Apache Tomcat/10.1.19]
2024-03-29T11:56:36.225+05:30  INFO 15372 --- [SimpleApplication] [main] o.a.c.c.C.[Tomcat].[localhost].[/]       : Initializing Spring embedded WebApplicationContext
2024-03-29T11:56:36.226+05:30  INFO 15372 --- [SimpleApplication] [main] w.s.c.ServletWebServerApplicationContext : Root WebApplicationContext: initialization completed in 625 ms
2024-03-29T11:56:36.485+05:30  INFO 15372 --- [SimpleApplication] [main] o.s.b.w.embedded.tomcat.TomcatWebServer  : Tomcat started on port 8094 (http) with context path ''
2024-03-29T11:56:36.494+05:30  INFO 15372 --- [SimpleApplication] [main] c.n.SimpleApplication.SimpleApplication  : Started SimpleApplication in 1.237 seconds (process running for 1.779)
2024-03-29T11:56:42.722+05:30  INFO 15372 --- [SimpleApplication] [http-nio-8094-exec-3] o.a.c.c.C.[Tomcat].[localhost].[/]       : Initializing Spring DispatcherServlet 'dispatcherServlet'
2024-03-29T11:56:42.722+05:30  INFO 15372 --- [SimpleApplication] [http-nio-8094-exec-3] o.s.web.servlet.DispatcherServlet        : Initializing Servlet 'dispatcherServlet'
2024-03-29T11:56:42.723+05:30  INFO 15372 --- [SimpleApplication] [http-nio-8094-exec-3] o.s.web.servlet.DispatcherServlet        : Completed initialization in 1 ms
2024-03-29T13:31:12.657+05:30  INFO 18576 --- [SimpleApplication] [main] c.n.S.ControllerTest.UserControllerTest  : Starting UserControllerTest using Java 17.0.9 with PID 18576 (started by roshanbhatia in C:\Users\roshanbhatia\Documents\workspace-spring-tool-suite-4-4.21.0.RELEASE\SimpleApplication)
2024-03-29T13:31:12.659+05:30  INFO 18576 --- [SimpleApplication] [main] c.n.S.ControllerTest.UserControllerTest  : No active profile set, falling back to 1 default profile: "default"
2024-03-29T13:31:13.820+05:30  INFO 18576 --- [SimpleApplication] [main] o.s.b.t.m.w.SpringBootMockServletContext : Initializing Spring TestDispatcherServlet ''
2024-03-29T13:31:13.820+05:30  INFO 18576 --- [SimpleApplication] [main] o.s.t.web.servlet.TestDispatcherServlet  : Initializing Servlet ''
2024-03-29T13:31:13.821+05:30  INFO 18576 --- [SimpleApplication] [main] o.s.t.web.servlet.TestDispatcherServlet  : Completed initialization in 1 ms
2024-03-29T13:31:13.850+05:30  INFO 18576 --- [SimpleApplication] [main] c.n.S.ControllerTest.UserControllerTest  : Started UserControllerTest in 1.555 seconds (process running for 2.905)
